0 info it worked if it ends with ok
1 verbose cli [ '/usr/local/bin/node',
1 verbose cli   '/usr/local/bin/npm',
1 verbose cli   'run',
1 verbose cli   'package-win' ]
2 info using npm@2.15.9
3 info using node@v4.5.0
4 verbose run-script [ 'prepackage-win', 'package-win', 'postpackage-win' ]
5 info prepackage-win shoppinglist@1.0.0
6 info package-win shoppinglist@1.0.0
7 verbose unsafe-perm in lifecycle true
8 info shoppinglist@1.0.0 Failed to exec package-win script
9 verbose stack Error: shoppinglist@1.0.0 package-win: `electron-packager . electron-tutorial-app --overwrite --asar=true --platform=win32 --arch=ia32 --icon=assets/icons/win/icon.ico --prune=true --out=release-builds --version-string.CompanyName=CE --version-string.FileDescription=CE --version-string.ProductName="ShoppingList App"`
9 verbose stack Exit status 1
9 verbose stack     at EventEmitter.<anonymous> (/usr/local/lib/node_modules/npm/lib/utils/lifecycle.js:217:16)
9 verbose stack     at emitTwo (events.js:87:13)
9 verbose stack     at EventEmitter.emit (events.js:172:7)
9 verbose stack     at ChildProcess.<anonymous> (/usr/local/lib/node_modules/npm/lib/utils/spawn.js:24:14)
9 verbose stack     at emitTwo (events.js:87:13)
9 verbose stack     at ChildProcess.emit (events.js:172:7)
9 verbose stack     at maybeClose (internal/child_process.js:829:16)
9 verbose stack     at Process.ChildProcess._handle.onexit (internal/child_process.js:211:5)
10 verbose pkgid shoppinglist@1.0.0
11 verbose cwd /root/shoppinglist
12 error Linux 3.14.56
13 error argv "/usr/local/bin/node" "/usr/local/bin/npm" "run" "package-win"
14 error node v4.5.0
15 error npm  v2.15.9
16 error code ELIFECYCLE
17 error shoppinglist@1.0.0 package-win: `electron-packager . electron-tutorial-app --overwrite --asar=true --platform=win32 --arch=ia32 --icon=assets/icons/win/icon.ico --prune=true --out=release-builds --version-string.CompanyName=CE --version-string.FileDescription=CE --version-string.ProductName="ShoppingList App"`
17 error Exit status 1
18 error Failed at the shoppinglist@1.0.0 package-win script 'electron-packager . electron-tutorial-app --overwrite --asar=true --platform=win32 --arch=ia32 --icon=assets/icons/win/icon.ico --prune=true --out=release-builds --version-string.CompanyName=CE --version-string.FileDescription=CE --version-string.ProductName="ShoppingList App"'.
18 error This is most likely a problem with the shoppinglist package,
18 error not with npm itself.
18 error Tell the author that this fails on your system:
18 error     electron-packager . electron-tutorial-app --overwrite --asar=true --platform=win32 --arch=ia32 --icon=assets/icons/win/icon.ico --prune=true --out=release-builds --version-string.CompanyName=CE --version-string.FileDescription=CE --version-string.ProductName="ShoppingList App"
18 error You can get information on how to open an issue for this project with:
18 error     npm bugs shoppinglist
18 error Or if that isn't available, you can get their info via:
18 error
18 error     npm owner ls shoppinglist
18 error There is likely additional logging output above.
19 verbose exit [ 1, true ]
